<?xml version="1.0" encoding="UTF-8"?>
<Actor>
    <TransformComponent>
        <vec3 x="0" y="0" z="0"/>
        <vec3 x="1" y="1" z="1"/>
        <vec3 x="0" y="0" z="1"/>
    </TransformComponent>
    <RenderComponent>
        <model name="test-level"/>
        <texture name="default"/>
    </RenderComponent>
</Actor>